<?xml version="1.0" encoding="UTF-8"?>
<testng-results ignored="0" total="1" passed="1" failed="0" skipped="0">
  <reporter-output>
  </reporter-output>
  <suite started-at="2023-05-28T18:28:42 EDT" name="Surefire suite" finished-at="2023-05-28T18:29:15 EDT" duration-ms="33297">
    <groups>
      <group name="cucumber">
        <method signature="AbstractTestNGCucumberTests.feature(cucumber.api.testng.CucumberFeatureWrapper)[pri:0, instance:testRunner_project4.TestRunner_project4@10d307f1]" name="feature" class="cucumber.api.testng.AbstractTestNGCucumberTests"/>
      </group> <!-- cucumber -->
    </groups>
    <test started-at="2023-05-28T18:28:42 EDT" name="Surefire test" finished-at="2023-05-28T18:29:15 EDT" duration-ms="33297">
      <class name="testRunner_project4.TestRunner_project4">
        <test-method is-config="true" signature="blazesetup()[pri:0, instance:testRunner_project4.TestRunner_project4@10d307f1]" started-at="2023-05-28T18:28:42 EDT" name="blazesetup" finished-at="2023-05-28T18:29:07 EDT" duration-ms="25223" status="PASS">
          <reporter-output>
          </reporter-output>
        </test-method> <!-- blazesetup -->
        <test-method is-config="true" signature="setUpClass()[pri:0, instance:testRunner_project4.TestRunner_project4@10d307f1]" started-at="2023-05-28T18:29:07 EDT" name="setUpClass" finished-at="2023-05-28T18:29:08 EDT" duration-ms="626" status="PASS">
          <reporter-output>
          </reporter-output>
        </test-method> <!-- setUpClass -->
        <test-method signature="feature(cucumber.api.testng.CucumberFeatureWrapper)[pri:0, instance:testRunner_project4.TestRunner_project4@10d307f1]" started-at="2023-05-28T18:29:09 EDT" name="feature" description="Runs Cucumber Feature" data-provider="features" finished-at="2023-05-28T18:29:15 EDT" duration-ms="6724" status="PASS">
          <params>
            <param index="0">
              <value>
                <![CDATA[This feature is for contact link functionality]]>
              </value>
            </param>
          </params>
          <reporter-output>
          </reporter-output>
        </test-method> <!-- feature -->
        <test-method is-config="true" signature="tearDownClass()[pri:0, instance:testRunner_project4.TestRunner_project4@10d307f1]" started-at="2023-05-28T18:29:15 EDT" name="tearDownClass" finished-at="2023-05-28T18:29:15 EDT" duration-ms="175" status="PASS">
          <reporter-output>
          </reporter-output>
        </test-method> <!-- tearDownClass -->
        <test-method is-config="true" signature="blazeClosureURL()[pri:0, instance:testRunner_project4.TestRunner_project4@10d307f1]" started-at="2023-05-28T18:29:15 EDT" name="blazeClosureURL" finished-at="2023-05-28T18:29:15 EDT" duration-ms="1" status="PASS">
          <reporter-output>
          </reporter-output>
        </test-method> <!-- blazeClosureURL -->
      </class> <!-- testRunner_project4.TestRunner_project4 -->
    </test> <!-- Surefire test -->
  </suite> <!-- Surefire suite -->
</testng-results>
