<?xml version="1.0" encoding="UTF-8"?>
<testng-results ignored="0" total="1" passed="1" failed="0" skipped="0">
  <reporter-output>
  </reporter-output>
  <suite started-at="2023-05-16T21:57:49 EDT" name="Surefire suite" finished-at="2023-05-16T21:58:20 EDT" duration-ms="31612">
    <groups>
      <group name="cucumber">
        <method signature="AbstractTestNGCucumberTests.feature(cucumber.api.testng.CucumberFeatureWrapper)[pri:0, instance:testRunner_project4.TestRunner_project4@14555e0a]" name="feature" class="cucumber.api.testng.AbstractTestNGCucumberTests"/>
      </group> <!-- cucumber -->
    </groups>
    <test started-at="2023-05-16T21:57:49 EDT" name="Surefire test" finished-at="2023-05-16T21:58:20 EDT" duration-ms="31612">
      <class name="testRunner_project4.TestRunner_project4">
        <test-method is-config="true" signature="blazesetup()[pri:0, instance:testRunner_project4.TestRunner_project4@14555e0a]" started-at="2023-05-16T21:57:49 EDT" name="blazesetup" finished-at="2023-05-16T21:57:54 EDT" duration-ms="5164" status="PASS">
          <reporter-output>
          </reporter-output>
        </test-method> <!-- blazesetup -->
        <test-method is-config="true" signature="setUpClass()[pri:0, instance:testRunner_project4.TestRunner_project4@14555e0a]" started-at="2023-05-16T21:57:54 EDT" name="setUpClass" finished-at="2023-05-16T21:57:54 EDT" duration-ms="240" status="PASS">
          <reporter-output>
          </reporter-output>
        </test-method> <!-- setUpClass -->
        <test-method signature="feature(cucumber.api.testng.CucumberFeatureWrapper)[pri:0, instance:testRunner_project4.TestRunner_project4@14555e0a]" started-at="2023-05-16T21:57:54 EDT" name="feature" description="Runs Cucumber Feature" data-provider="features" finished-at="2023-05-16T21:58:20 EDT" duration-ms="25816" status="PASS">
          <params>
            <param index="0">
              <value>
                <![CDATA[This feature is for cart functionality]]>
              </value>
            </param>
          </params>
          <reporter-output>
          </reporter-output>
        </test-method> <!-- feature -->
        <test-method is-config="true" signature="tearDownClass()[pri:0, instance:testRunner_project4.TestRunner_project4@14555e0a]" started-at="2023-05-16T21:58:20 EDT" name="tearDownClass" finished-at="2023-05-16T21:58:20 EDT" duration-ms="152" status="PASS">
          <reporter-output>
          </reporter-output>
        </test-method> <!-- tearDownClass -->
        <test-method is-config="true" signature="blazeClosureURL()[pri:0, instance:testRunner_project4.TestRunner_project4@14555e0a]" started-at="2023-05-16T21:58:20 EDT" name="blazeClosureURL" finished-at="2023-05-16T21:58:20 EDT" duration-ms="2" status="PASS">
          <reporter-output>
          </reporter-output>
        </test-method> <!-- blazeClosureURL -->
      </class> <!-- testRunner_project4.TestRunner_project4 -->
    </test> <!-- Surefire test -->
  </suite> <!-- Surefire suite -->
</testng-results>
